<?xml version="1.0" encoding="UTF-8"?>
<!-- Generated by org.testng.reporters.JUnitReportReporter -->
<testsuite hostname="LAPTOP-IMBQVE1G" failures="0" tests="2" name="tests.SetUp" time="7.588" errors="0" timestamp="2022-08-17T20:13:10 IST" skipped="0">
  <testcase classname="tests.SetUp" name="navigate_to_homepage_click_on_getstarted" time="7.241"/>
  <system-out/>
  <testcase classname="tests.SetUp" name="enter_userDetails" time="0.347"/>
  <system-out/>
</testsuite> <!-- tests.SetUp -->
